This is pdfTeX, Version 3.14159265-2.6-1.40.16 (TeX Live 2015/Debian) (preloaded format=pdflatex 2017.9.4)  5 FEB 2018 14:45
entering extended mode
 restricted \write18 enabled.
 %&-line parsing enabled.
**TitlePage.tex
(./TitlePage.tex
LaTeX2e <2016/02/01>
Babel <3.9q> and hyphenation patterns for 5 language(s) loaded.

! LaTeX Error: Environment titlepage undefined.

See the LaTeX manual or LaTeX Companion for explanation.
Type  H <return>  for immediate help.
 ...                                              
                                                  
l.1 \begin{titlepage}
                     
Your command was ignored.
Type  I <command> <return>  to replace it with another command,
or  <return>  to continue without it.


! LaTeX Error: Missing \begin{document}.

See the LaTeX manual or LaTeX Companion for explanation.
Type  H <return>  for immediate help.
 ...                                              
                                                  
l.2 \begin{center}
                  
You're in trouble here.  Try typing  <return>  to proceed.
If that doesn't work, type  X <return>  to quit.


Overfull \hbox (20.0pt too wide) in paragraph at lines 2--2
[] 
 []

! Undefined control sequence.
l.4 \noindent {\Huge
                     \textbf{Heavy Semileptonics from Lattice (NR)QCD}} \\
The control sequence at the end of the top line
of your error message was never \def'ed. If you have
misspelled it (e.g., `\hobx'), type `I' and the correct
spelling (e.g., `I\hbox'). Otherwise just continue,
and I'll forget about whatever was undefined.


Overfull \hbox (31.68037pt too wide) in paragraph at lines 4--4
 \OT1/cmr/bx/n/10 Heavy 
 []


Overfull \hbox (43.12479pt too wide) in paragraph at lines 4--4
 \OT1/cmr/bx/n/10 Semilep- 
 []


Overfull \hbox (20.44434pt too wide) in paragraph at lines 4--4
 \OT1/cmr/bx/n/10 ton- 
 []


Overfull \hbox (12.84158pt too wide) in paragraph at lines 4--4
 \OT1/cmr/bx/n/10 ics 
 []


Overfull \hbox (23.58322pt too wide) in paragraph at lines 4--4
 \OT1/cmr/bx/n/10 from 
 []


Overfull \hbox (20.81236pt too wide) in paragraph at lines 4--4
 \OT1/cmr/bx/n/10 Lat- 
 []


Overfull \hbox (18.04852pt too wide) in paragraph at lines 4--4
 \OT1/cmr/bx/n/10 tice 
 []


Overfull \hbox (52.33305pt too wide) in paragraph at lines 4--4
 \OT1/cmr/bx/n/10 (NR)QCD 
 []

! Undefined control sequence.
l.6 \noindent \LARGE
                     \emph{Euan McLean} \\
The control sequence at the end of the top line
of your error message was never \def'ed. If you have
misspelled it (e.g., `\hobx'), type `I' and the correct
spelling (e.g., `I\hbox'). Otherwise just continue,
and I'll forget about whatever was undefined.


Overfull \hbox (22.88321pt too wide) in paragraph at lines 6--6
 \OT1/cmr/m/it/10 Euan 
 []


Overfull \hbox (34.91687pt too wide) in paragraph at lines 6--6
 \OT1/cmr/m/it/10 McLean 
 []

! Undefined control sequence.
l.8 \noindent \large
                     \emph{Supervised by Prof. Christine Davies and Dr. Chri...
The control sequence at the end of the top line
of your error message was never \def'ed. If you have
misspelled it (e.g., `\hobx'), type `I' and the correct
spelling (e.g., `I\hbox'). Otherwise just continue,
and I'll forget about whatever was undefined.


Overfull \hbox (45.36078pt too wide) in paragraph at lines 8--8
 \OT1/cmr/m/it/10 Supervised 
 []


Overfull \hbox (9.45547pt too wide) in paragraph at lines 8--8
 \OT1/cmr/m/it/10 by 
 []


Overfull \hbox (21.73318pt too wide) in paragraph at lines 8--8
 \OT1/cmr/m/it/10 Prof. 
 []


Overfull \hbox (27.21648pt too wide) in paragraph at lines 8--8
 \OT1/cmr/m/it/10 Chris- 
 []


Overfull \hbox (16.611pt too wide) in paragraph at lines 8--8
 \OT1/cmr/m/it/10 tine 
 []


Overfull \hbox (29.01646pt too wide) in paragraph at lines 8--8
 \OT1/cmr/m/it/10 Davies 
 []


Overfull \hbox (15.84436pt too wide) in paragraph at lines 8--8
 \OT1/cmr/m/it/10 and 
 []


Overfull \hbox (14.83322pt too wide) in paragraph at lines 8--8
 \OT1/cmr/m/it/10 Dr. 
 []


Overfull \hbox (42.29417pt too wide) in paragraph at lines 8--8
 \OT1/cmr/m/it/10 Christoph 
 []


Overfull \hbox (15.98323pt too wide) in paragraph at lines 8--8
 \OT1/cmr/m/it/10 En- 
 []


Overfull \hbox (20.24289pt too wide) in paragraph at lines 8--8
 \OT1/cmr/m/it/10 glert 
 []

! Undefined control sequence.
l.10 \noindent \large
                      \emph{Submitted in fulfillment of the requirements for...
The control sequence at the end of the top line
of your error message was never \def'ed. If you have
misspelled it (e.g., `\hobx'), type `I' and the correct
spelling (e.g., `I\hbox'). Otherwise just continue,
and I'll forget about whatever was undefined.


Overfull \hbox (42.67747pt too wide) in paragraph at lines 10--10
 \OT1/cmr/m/it/10 Submitted 
 []


Overfull \hbox (8.68884pt too wide) in paragraph at lines 10--10
 \OT1/cmr/m/it/10 in 
 []


Overfull \hbox (14.56657pt too wide) in paragraph at lines 10--10
 \OT1/cmr/m/it/10 ful- 
 []


Overfull \hbox (14.82213pt too wide) in paragraph at lines 10--10
 \OT1/cmr/m/it/10 fill- 
 []


Overfull \hbox (21.72208pt too wide) in paragraph at lines 10--10
 \OT1/cmr/m/it/10 ment 
 []


Overfull \hbox (8.17773pt too wide) in paragraph at lines 10--10
 \OT1/cmr/m/it/10 of 
 []


Overfull \hbox (13.03323pt too wide) in paragraph at lines 10--10
 \OT1/cmr/m/it/10 the 
 []


Overfull \hbox (11.88321pt too wide) in paragraph at lines 10--10
 \OT1/cmr/m/it/10 re- 
 []


Overfull \hbox (24.91646pt too wide) in paragraph at lines 10--10
 \OT1/cmr/m/it/10 quire- 
 []


Overfull \hbox (25.81094pt too wide) in paragraph at lines 10--10
 \OT1/cmr/m/it/10 ments 
 []


Overfull \hbox (12.39436pt too wide) in paragraph at lines 10--10
 \OT1/cmr/m/it/10 for 
 []


Overfull \hbox (13.03323pt too wide) in paragraph at lines 10--10
 \OT1/cmr/m/it/10 the 
 []


Overfull \hbox (13.28879pt too wide) in paragraph at lines 10--10
 \OT1/cmr/m/it/10 de- 
 []


Overfull \hbox (16.99426pt too wide) in paragraph at lines 10--10
 \OT1/cmr/m/it/10 gree 
 []


Overfull \hbox (10.29718pt too wide) in paragraph at lines 10--10
 \OT1/cmr/m/it/10 of 
 []

! Undefined control sequence.
l.12 \noindent \large
                      \emph{Doctor of Philosophy} \\
The control sequence at the end of the top line
of your error message was never \def'ed. If you have
misspelled it (e.g., `\hobx'), type `I' and the correct
spelling (e.g., `I\hbox'). Otherwise just continue,
and I'll forget about whatever was undefined.


Overfull \hbox (29.39977pt too wide) in paragraph at lines 12--12
 \OT1/cmr/m/it/10 Doctor 
 []


Overfull \hbox (8.17773pt too wide) in paragraph at lines 12--12
 \OT1/cmr/m/it/10 of 
 []


Overfull \hbox (18.53877pt too wide) in paragraph at lines 12--12
 \OT1/cmr/m/it/10 Phi- 
 []


Overfull \hbox (15.33324pt too wide) in paragraph at lines 12--12
 \OT1/cmr/m/it/10 los- 
 []


Overfull \hbox (8.68883pt too wide) in paragraph at lines 12--12
 \OT1/cmr/m/it/10 o- 
 []


Overfull \hbox (15.9624pt too wide) in paragraph at lines 12--12
 \OT1/cmr/m/it/10 phy 
 []

! Undefined control sequence.
l.14 \noindent \large
                      \emph{April 2019} \\
The control sequence at the end of the top line
of your error message was never \def'ed. If you have
misspelled it (e.g., `\hobx'), type `I' and the correct
spelling (e.g., `I\hbox'). Otherwise just continue,
and I'll forget about whatever was undefined.


Overfull \hbox (22.3832pt too wide) in paragraph at lines 14--14
 \OT1/cmr/m/it/10 April 
 []


Overfull \hbox (21.7999pt too wide) in paragraph at lines 14--14
 \OT1/cmr/m/it/10 2019 
 []

! Undefined control sequence.
l.16 \includegraphics
                     [width=100px]{images/logo-glasgow-small.png}
The control sequence at the end of the top line
of your error message was never \def'ed. If you have
misspelled it (e.g., `\hobx'), type `I' and the correct
spelling (e.g., `I\hbox'). Otherwise just continue,
and I'll forget about whatever was undefined.

Missing character: There is no [ in font nullfont!
Missing character: There is no w in font nullfont!
Missing character: There is no i in font nullfont!
Missing character: There is no d in font nullfont!
Missing character: There is no t in font nullfont!
Missing character: There is no h in font nullfont!
Missing character: There is no = in font nullfont!
Missing character: There is no 1 in font nullfont!
Missing character: There is no 0 in font nullfont!
Missing character: There is no 0 in font nullfont!
Missing character: There is no p in font nullfont!
Missing character: There is no x in font nullfont!
Missing character: There is no ] in font nullfont!
Missing character: There is no i in font nullfont!
Missing character: There is no m in font nullfont!
Missing character: There is no a in font nullfont!
Missing character: There is no g in font nullfont!
Missing character: There is no e in font nullfont!
Missing character: There is no s in font nullfont!
Missing character: There is no / in font nullfont!
Missing character: There is no l in font nullfont!
Missing character: There is no o in font nullfont!
Missing character: There is no g in font nullfont!
Missing character: There is no o in font nullfont!
Missing character: There is no - in font nullfont!
Missing character: There is no g in font nullfont!
Missing character: There is no l in font nullfont!
Missing character: There is no a in font nullfont!
Missing character: There is no s in font nullfont!
Missing character: There is no g in font nullfont!
Missing character: There is no o in font nullfont!
Missing character: There is no w in font nullfont!
Missing character: There is no - in font nullfont!
Missing character: There is no s in font nullfont!
Missing character: There is no m in font nullfont!
Missing character: There is no a in font nullfont!
Missing character: There is no l in font nullfont!
Missing character: There is no l in font nullfont!
Missing character: There is no . in font nullfont!
Missing character: There is no p in font nullfont!
Missing character: There is no n in font nullfont!
Missing character: There is no g in font nullfont!
! Undefined control sequence.
l.20 \noindent {\large
                       \emph{The University of Glasgow}} \\
The control sequence at the end of the top line
of your error message was never \def'ed. If you have
misspelled it (e.g., `\hobx'), type `I' and the correct
spelling (e.g., `I\hbox'). Otherwise just continue,
and I'll forget about whatever was undefined.


Overfull \hbox (16.86655pt too wide) in paragraph at lines 20--20
 \OT1/cmr/m/it/10 The 
 []


Overfull \hbox (19.69987pt too wide) in paragraph at lines 20--20
 \OT1/cmr/m/it/10 Uni- 
 []


Overfull \hbox (16.9943pt too wide) in paragraph at lines 20--20
 \OT1/cmr/m/it/10 ver- 
 []


Overfull \hbox (15.33322pt too wide) in paragraph at lines 20--20
 \OT1/cmr/m/it/10 sity 
 []


Overfull \hbox (8.17773pt too wide) in paragraph at lines 20--20
 \OT1/cmr/m/it/10 of 
 []


Overfull \hbox (23.0693pt too wide) in paragraph at lines 20--20
 \OT1/cmr/m/it/10 Glas- 
 []


Overfull \hbox (17.43182pt too wide) in paragraph at lines 20--20
 \OT1/cmr/m/it/10 gow 
 []

! Undefined control sequence.
l.21 \noindent {\large
                       \emph{College of Science and Engineering} } \\
The control sequence at the end of the top line
of your error message was never \def'ed. If you have
misspelled it (e.g., `\hobx'), type `I' and the correct
spelling (e.g., `I\hbox'). Otherwise just continue,
and I'll forget about whatever was undefined.


Overfull \hbox (31.17754pt too wide) in paragraph at lines 21--21
 \OT1/cmr/m/it/10 College 
 []


Overfull \hbox (8.17773pt too wide) in paragraph at lines 21--21
 \OT1/cmr/m/it/10 of 
 []


Overfull \hbox (16.86655pt too wide) in paragraph at lines 21--21
 \OT1/cmr/m/it/10 Sci- 
 []


Overfull \hbox (18.91095pt too wide) in paragraph at lines 21--21
 \OT1/cmr/m/it/10 ence 
 []


Overfull \hbox (15.84436pt too wide) in paragraph at lines 21--21
 \OT1/cmr/m/it/10 and 
 []


Overfull \hbox (15.98323pt too wide) in paragraph at lines 21--21
 \OT1/cmr/m/it/10 En- 
 []


Overfull \hbox (11.24435pt too wide) in paragraph at lines 21--21
 \OT1/cmr/m/it/10 gi- 
 []


Overfull \hbox (22.10536pt too wide) in paragraph at lines 21--21
 \OT1/cmr/m/it/10 neer- 
 []


Overfull \hbox (14.17352pt too wide) in paragraph at lines 21--21
 \OT1/cmr/m/it/10 ing 
 []


! LaTeX Error: The font size command \normalsize is not defined:
               there is probably something wrong with the class file.

See the LaTeX manual or LaTeX Companion for explanation.
Type  H <return>  for immediate help.
 ...                                              
                                                  
l.26 \cleardoublepage
                     
Your command was ignored.
Type  I <command> <return>  to replace it with another command,
or  <return>  to continue without it.

[1{/var/lib/texmf/fonts/map/pdftex/updmap/pdftex.map}]

! LaTeX Error: Environment vcenterpage undefined.

See the LaTeX manual or LaTeX Companion for explanation.
Type  H <return>  for immediate help.
 ...                                              
                                                  
l.27 \begin{vcenterpage}
                        
Your command was ignored.
Type  I <command> <return>  to replace it with another command,
or  <return>  to continue without it.


Overfull \hbox (8191.99998pt too wide) in paragraph at lines 28--29
[] 
 []

! Undefined control sequence.
l.30 {\large
            \textbf{Heavy Semileptonics from Lattice (NR)QCD}}
The control sequence at the end of the top line
of your error message was never \def'ed. If you have
misspelled it (e.g., `\hobx'), type `I' and the correct
spelling (e.g., `I\hbox'). Otherwise just continue,
and I'll forget about whatever was undefined.


Overfull \hbox (31.68037pt too wide) in paragraph at lines 30--31
 \OT1/cmr/bx/n/10 Heavy 
 []


Overfull \hbox (43.12479pt too wide) in paragraph at lines 30--31
 \OT1/cmr/bx/n/10 Semilep- 
 []


Overfull \hbox (20.44434pt too wide) in paragraph at lines 30--31
 \OT1/cmr/bx/n/10 ton- 
 []


Overfull \hbox (12.84158pt too wide) in paragraph at lines 30--31
 \OT1/cmr/bx/n/10 ics 
 []


Overfull \hbox (23.58322pt too wide) in paragraph at lines 30--31
 \OT1/cmr/bx/n/10 from 
 []


Overfull \hbox (20.81236pt too wide) in paragraph at lines 30--31
 \OT1/cmr/bx/n/10 Lat- 
 []


Overfull \hbox (18.04852pt too wide) in paragraph at lines 30--31
 \OT1/cmr/bx/n/10 tice 
 []


Overfull \hbox (52.33305pt too wide) in paragraph at lines 30--31
 \OT1/cmr/bx/n/10 (NR)QCD 
 []

! Undefined control sequence.
l.32 {\large
            \textbf{Abstract:}}
The control sequence at the end of the top line
of your error message was never \def'ed. If you have
misspelled it (e.g., `\hobx'), type `I' and the correct
spelling (e.g., `I\hbox'). Otherwise just continue,
and I'll forget about whatever was undefined.

Missing character: There is no I in font nullfont!
Missing character: There is no d in font nullfont!
Missing character: There is no i in font nullfont!
Missing character: There is no d in font nullfont!
Missing character: There is no s in font nullfont!
Missing character: There is no o in font nullfont!
Missing character: There is no m in font nullfont!
Missing character: There is no e in font nullfont!
Missing character: There is no l in font nullfont!
Missing character: There is no a in font nullfont!
Missing character: There is no t in font nullfont!
Missing character: There is no t in font nullfont!
Missing character: There is no i in font nullfont!
Missing character: There is no c in font nullfont!
Missing character: There is no e in font nullfont!

! LaTeX Error: \begin{document} ended by \end{vcenterpage}.

See the LaTeX manual or LaTeX Companion for explanation.
Type  H <return>  for immediate help.
 ...                                              
                                                  
l.37 \end{vcenterpage}
                      
Your command was ignored.
Type  I <command> <return>  to replace it with another command,
or  <return>  to continue without it.


Overfull \hbox (47.19556pt too wide) in paragraph at lines 32--38
\OT1/cmr/bx/n/10 Abstract: 
 []


Overfull \hbox (8191.99998pt too wide) in paragraph at lines 32--38
[]
 []


! LaTeX Error: The font size command \normalsize is not defined:
               there is probably something wrong with the class file.

See the LaTeX manual or LaTeX Companion for explanation.
Type  H <return>  for immediate help.
 ...                                              
                                                  
l.39 \cleardoublepage
                     
Your command was ignored.
Type  I <command> <return>  to replace it with another command,
or  <return>  to continue without it.

[2

]

! LaTeX Error: Environment vcenterpage undefined.

See the LaTeX manual or LaTeX Companion for explanation.
Type  H <return>  for immediate help.
 ...                                              
                                                  
l.41 \begin{vcenterpage}
                        
Your command was ignored.
Type  I <command> <return>  to replace it with another command,
or  <return>  to continue without it.


Overfull \hbox (8191.99998pt too wide) in paragraph at lines 42--43
[] 
 []

! Undefined control sequence.
l.44 {\large
            \textbf{Declaration of originality}}
The control sequence at the end of the top line
of your error message was never \def'ed. If you have
misspelled it (e.g., `\hobx'), type `I' and the correct
spelling (e.g., `I\hbox'). Otherwise just continue,
and I'll forget about whatever was undefined.


Overfull \hbox (58.11772pt too wide) in paragraph at lines 44--45
 \OT1/cmr/bx/n/10 Declaration 
 []


Overfull \hbox (9.26384pt too wide) in paragraph at lines 44--45
 \OT1/cmr/bx/n/10 of 
 []


Overfull \hbox (23.26378pt too wide) in paragraph at lines 44--45
 \OT1/cmr/bx/n/10 orig- 
 []


Overfull \hbox (7.02774pt too wide) in paragraph at lines 44--45
 \OT1/cmr/bx/n/10 i- 
 []


Overfull \hbox (19.00682pt too wide) in paragraph at lines 44--45
 \OT1/cmr/bx/n/10 nal- 
 []


Overfull \hbox (13.57632pt too wide) in paragraph at lines 44--45
 \OT1/cmr/bx/n/10 ity 
 []

Missing character: There is no T in font nullfont!
Missing character: There is no h in font nullfont!
Missing character: There is no i in font nullfont!
Missing character: There is no s in font nullfont!
Missing character: There is no t in font nullfont!
Missing character: There is no h in font nullfont!
Missing character: There is no e in font nullfont!
Missing character: There is no s in font nullfont!
Missing character: There is no i in font nullfont!
Missing character: There is no s in font nullfont!
Missing character: There is no i in font nullfont!
Missing character: There is no s in font nullfont!
Missing character: There is no m in font nullfont!
Missing character: There is no y in font nullfont!
Missing character: There is no o in font nullfont!
Missing character: There is no w in font nullfont!
Missing character: There is no n in font nullfont!
Missing character: There is no w in font nullfont!
Missing character: There is no o in font nullfont!
Missing character: There is no r in font nullfont!
Missing character: There is no k in font nullfont!
Missing character: There is no , in font nullfont!
Missing character: There is no e in font nullfont!
Missing character: There is no x in font nullfont!
Missing character: There is no c in font nullfont!
Missing character: There is no e in font nullfont!
Missing character: There is no p in font nullfont!
Missing character: There is no t in font nullfont!
Missing character: There is no w in font nullfont!
Missing character: There is no h in font nullfont!
Missing character: There is no e in font nullfont!
Missing character: There is no r in font nullfont!
Missing character: There is no e in font nullfont!
Missing character: There is no e in font nullfont!
Missing character: There is no x in font nullfont!
Missing character: There is no p in font nullfont!
Missing character: There is no l in font nullfont!
Missing character: There is no i in font nullfont!
Missing character: There is no c in font nullfont!
Missing character: There is no i in font nullfont!
Missing character: There is no t in font nullfont!
Missing character: There is no a in font nullfont!
Missing character: There is no t in font nullfont!
Missing character: There is no t in font nullfont!
Missing character: There is no r in font nullfont!
Missing character: There is no i in font nullfont!
Missing character: There is no b in font nullfont!
Missing character: There is no u in font nullfont!
Missing character: There is no t in font nullfont!
Missing character: There is no i in font nullfont!
Missing character: There is no o in font nullfont!
Missing character: There is no n in font nullfont!
Missing character: There is no t in font nullfont!
Missing character: There is no o in font nullfont!
Missing character: There is no o in font nullfont!
Missing character: There is no t in font nullfont!
Missing character: There is no h in font nullfont!
Missing character: There is no e in font nullfont!
Missing character: There is no r in font nullfont!
Missing character: There is no s in font nullfont!
Missing character: There is no i in font nullfont!
Missing character: There is no s in font nullfont!
Missing character: There is no m in font nullfont!
Missing character: There is no a in font nullfont!
Missing character: There is no d in font nullfont!
Missing character: There is no e in font nullfont!
Missing character: There is no . in font nullfont!
Missing character: There is no I in font nullfont!
Missing character: There is no n in font nullfont!
Missing character: There is no p in font nullfont!
Missing character: There is no a in font nullfont!
Missing character: There is no r in font nullfont!
Missing character: There is no t in font nullfont!
Missing character: There is no i in font nullfont!
Missing character: There is no c in font nullfont!
Missing character: There is no u in font nullfont!
Missing character: There is no l in font nullfont!
Missing character: There is no a in font nullfont!
Missing character: There is no r in font nullfont!
Missing character: There is no C in font nullfont!
Missing character: There is no h in font nullfont!
Missing character: There is no a in font nullfont!
Missing character: There is no p in font nullfont!
Missing character: There is no t in font nullfont!
Missing character: There is no e in font nullfont!
Missing character: There is no r in font nullfont!
Missing character: There is no s in font nullfont!
Missing character: There is no . in font nullfont!
Missing character: There is no . in font nullfont!
Missing character: There is no . in font nullfont!
Missing character: There is no a in font nullfont!
Missing character: There is no r in font nullfont!
Missing character: There is no e in font nullfont!
Missing character: There is no b in font nullfont!
Missing character: There is no a in font nullfont!
Missing character: There is no s in font nullfont!
Missing character: There is no e in font nullfont!
Missing character: There is no d in font nullfont!
Missing character: There is no o in font nullfont!
Missing character: There is no n in font nullfont!
Missing character: There is no t in font nullfont!
Missing character: There is no h in font nullfont!
Missing character: There is no e in font nullfont!
Missing character: There is no f in font nullfont!
Missing character: There is no o in font nullfont!
Missing character: There is no l in font nullfont!
Missing character: There is no l in font nullfont!
Missing character: There is no o in font nullfont!
Missing character: There is no w in font nullfont!
Missing character: There is no i in font nullfont!
Missing character: There is no n in font nullfont!
Missing character: There is no g in font nullfont!
Missing character: There is no p in font nullfont!
Missing character: There is no u in font nullfont!
Missing character: There is no b in font nullfont!
Missing character: There is no l in font nullfont!
Missing character: There is no i in font nullfont!
Missing character: There is no c in font nullfont!
Missing character: There is no a in font nullfont!
Missing character: There is no t in font nullfont!
Missing character: There is no i in font nullfont!
Missing character: There is no o in font nullfont!
Missing character: There is no n in font nullfont!
Missing character: There is no s in font nullfont!
Missing character: There is no : in font nullfont!
Missing character: There is no A in font nullfont!
Missing character: There is no l in font nullfont!
Missing character: There is no l in font nullfont!
Missing character: There is no r in font nullfont!
Missing character: There is no e in font nullfont!
Missing character: There is no s in font nullfont!
Missing character: There is no u in font nullfont!
Missing character: There is no l in font nullfont!
Missing character: There is no t in font nullfont!
Missing character: There is no s in font nullfont!
Missing character: There is no a in font nullfont!
Missing character: There is no n in font nullfont!
Missing character: There is no d in font nullfont!
Missing character: There is no f in font nullfont!
Missing character: There is no i in font nullfont!
Missing character: There is no g in font nullfont!
Missing character: There is no u in font nullfont!
Missing character: There is no r in font nullfont!
Missing character: There is no e in font nullfont!
Missing character: There is no s in font nullfont!
Missing character: There is no p in font nullfont!
Missing character: There is no r in font nullfont!
Missing character: There is no e in font nullfont!
Missing character: There is no s in font nullfont!
Missing character: There is no e in font nullfont!
Missing character: There is no n in font nullfont!
Missing character: There is no t in font nullfont!
Missing character: There is no e in font nullfont!
Missing character: There is no d in font nullfont!
Missing character: There is no i in font nullfont!
Missing character: There is no n in font nullfont!
Missing character: There is no t in font nullfont!
Missing character: There is no h in font nullfont!
Missing character: There is no e in font nullfont!
Missing character: There is no s in font nullfont!
Missing character: There is no e in font nullfont!
Missing character: There is no c in font nullfont!
Missing character: There is no h in font nullfont!
Missing character: There is no a in font nullfont!
Missing character: There is no p in font nullfont!
Missing character: There is no t in font nullfont!
Missing character: There is no e in font nullfont!
Missing character: There is no r in font nullfont!
Missing character: There is no s in font nullfont!
Missing character: There is no a in font nullfont!
Missing character: There is no r in font nullfont!
Missing character: There is no e in font nullfont!
Missing character: There is no m in font nullfont!
Missing character: There is no y in font nullfont!
Missing character: There is no o in font nullfont!
Missing character: There is no w in font nullfont!
Missing character: There is no n in font nullfont!
Missing character: There is no , in font nullfont!
Missing character: There is no e in font nullfont!
Missing character: There is no x in font nullfont!
Missing character: There is no c in font nullfont!
Missing character: There is no e in font nullfont!
Missing character: There is no p in font nullfont!
Missing character: There is no t in font nullfont!
Missing character: There is no f in font nullfont!
Missing character: There is no o in font nullfont!
Missing character: There is no r in font nullfont!
Missing character: There is no . in font nullfont!
Missing character: There is no . in font nullfont!
Missing character: There is no . in font nullfont!

Overfull \hbox (20.0pt too wide) in paragraph at lines 48--49
[]
 []


! LaTeX Error: \begin{document} ended by \end{vcenterpage}.

See the LaTeX manual or LaTeX Companion for explanation.
Type  H <return>  for immediate help.
 ...                                              
                                                  
l.51 \end{vcenterpage}
                      
Your command was ignored.
Type  I <command> <return>  to replace it with another command,
or  <return>  to continue without it.


Overfull \hbox (8191.99998pt too wide) in paragraph at lines 50--52
[]
 []


! LaTeX Error: The font size command \normalsize is not defined:
               there is probably something wrong with the class file.

See the LaTeX manual or LaTeX Companion for explanation.
Type  H <return>  for immediate help.
 ...                                              
                                                  
l.53 \cleardoublepage
                     
Your command was ignored.
Type  I <command> <return>  to replace it with another command,
or  <return>  to continue without it.

[3

]
Overfull \hbox (20.0pt too wide) in paragraph at lines 58--58
[] 
 []


Overfull \hbox (25.55537pt too wide) in paragraph at lines 59--60
 \OT1/cmr/m/it/10 please 
 []


Overfull \hbox (17.37767pt too wide) in paragraph at lines 59--60
 \OT1/cmr/m/it/10 help 
 []


Overfull \hbox (3.06665pt too wide) in paragraph at lines 59--60
 \OT1/cmr/m/it/10 i 
 []


Overfull \hbox (13.28882pt too wide) in paragraph at lines 59--60
 \OT1/cmr/m/it/10 am 
 []


Overfull \hbox (31.04974pt too wide) in paragraph at lines 59--60
 \OT1/cmr/m/it/10 trapped 
 []


Overfull \hbox (8.68884pt too wide) in paragraph at lines 59--60
 \OT1/cmr/m/it/10 in 
 []


Overfull \hbox (15.58879pt too wide) in paragraph at lines 59--60
 \OT1/cmr/m/it/10 this 
 []


Overfull \hbox (20.9554pt too wide) in paragraph at lines 59--60
 \OT1/cmr/m/it/10 com- 
 []


Overfull \hbox (23.69287pt too wide) in paragraph at lines 59--60
 \OT1/cmr/m/it/10 puter 
 []


! LaTeX Error: \begin{document} ended by \end{titlepage}.

See the LaTeX manual or LaTeX Companion for explanation.
Type  H <return>  for immediate help.
 ...                                              
                                                  
l.63 \end{titlepage}
                    
Your command was ignored.
Type  I <command> <return>  to replace it with another command,
or  <return>  to continue without it.

)
! Emergency stop.
<*> TitlePage.tex
                 
*** (job aborted, no legal \end found)

 
Here is how much of TeX's memory you used:
 16 strings out of 494910
 257 string characters out of 6179837
 47398 words of memory out of 5000000
 3404 multiletter control sequences out of 15000+600000
 4294 words of font info for 16 fonts, out of 8000000 for 9000
 36 hyphenation exceptions out of 8191
 21i,4n,14p,164b,131s stack positions out of 5000i,500n,10000p,200000b,80000s
!  ==> Fatal error occurred, no output PDF file produced!
